mode: set
livecode-wmb-2/usecase/table/create_table_usecase.go:16.70,18.2 1 1
livecode-wmb-2/usecase/table/create_table_usecase.go:20.85,24.2 3 1
livecode-wmb-2/usecase/table/delete_table_usecase.go:16.68,18.2 1 1
livecode-wmb-2/usecase/table/delete_table_usecase.go:20.85,24.2 3 1
livecode-wmb-2/usecase/table/read_table_usecase.go:18.66,20.2 1 1
livecode-wmb-2/usecase/table/read_table_usecase.go:22.72,24.26 2 1
livecode-wmb-2/usecase/table/read_table_usecase.go:27.2,27.27 1 1
livecode-wmb-2/usecase/table/read_table_usecase.go:24.26,26.3 1 1
livecode-wmb-2/usecase/table/read_table_usecase.go:30.90,32.2 1 1
livecode-wmb-2/usecase/table/read_table_usecase.go:34.81,38.2 3 1
livecode-wmb-2/usecase/table/update_table_usecase.go:16.95,18.2 1 1
livecode-wmb-2/usecase/table/update_table_usecase.go:20.85,24.2 3 1
livecode-wmb-2/usecase/menu_price/create_menuprice_usecase.go:16.86,18.2 1 1
livecode-wmb-2/usecase/menu_price/create_menuprice_usecase.go:20.101,24.2 3 1
livecode-wmb-2/usecase/menu_price/delete_menuprice_usecase.go:16.79,18.2 1 1
livecode-wmb-2/usecase/menu_price/delete_menuprice_usecase.go:20.101,24.2 3 1
livecode-wmb-2/usecase/menu_price/read_menuprice_usecase.go:18.78,20.2 1 1
livecode-wmb-2/usecase/menu_price/read_menuprice_usecase.go:22.84,24.30 2 1
livecode-wmb-2/usecase/menu_price/read_menuprice_usecase.go:27.2,27.31 1 1
livecode-wmb-2/usecase/menu_price/read_menuprice_usecase.go:24.30,26.3 1 1
livecode-wmb-2/usecase/menu_price/read_menuprice_usecase.go:30.102,32.2 1 1
livecode-wmb-2/usecase/menu_price/read_menuprice_usecase.go:34.97,38.2 3 1
livecode-wmb-2/usecase/menu_price/update_menuprice_usecase.go:16.111,18.2 1 1
livecode-wmb-2/usecase/menu_price/update_menuprice_usecase.go:20.101,24.2 3 1
livecode-wmb-2/usecase/menu/create_menu_usecase.go:16.66,18.2 1 1
livecode-wmb-2/usecase/menu/create_menu_usecase.go:20.81,24.2 3 1
livecode-wmb-2/usecase/menu/delete_menu_usecase.go:16.64,18.2 1 1
livecode-wmb-2/usecase/menu/delete_menu_usecase.go:20.81,24.2 3 1
livecode-wmb-2/usecase/menu/read_menu_usecase.go:18.63,20.2 1 1
livecode-wmb-2/usecase/menu/read_menu_usecase.go:22.69,24.25 2 1
livecode-wmb-2/usecase/menu/read_menu_usecase.go:27.2,27.26 1 1
livecode-wmb-2/usecase/menu/read_menu_usecase.go:24.25,26.3 1 1
livecode-wmb-2/usecase/menu/read_menu_usecase.go:30.87,32.2 1 1
livecode-wmb-2/usecase/menu/read_menu_usecase.go:34.77,38.2 3 1
livecode-wmb-2/usecase/menu/update_menu_usecase.go:16.91,18.2 1 1
livecode-wmb-2/usecase/menu/update_menu_usecase.go:20.81,24.2 3 1
livecode-wmb-2/usecase/discount/read_discount_usecase.go:18.75,20.2 1 1
livecode-wmb-2/usecase/discount/read_discount_usecase.go:22.81,24.29 2 1
livecode-wmb-2/usecase/discount/read_discount_usecase.go:27.2,27.30 1 1
livecode-wmb-2/usecase/discount/read_discount_usecase.go:24.29,26.3 1 1
livecode-wmb-2/usecase/discount/read_discount_usecase.go:30.99,32.2 1 1
livecode-wmb-2/usecase/discount/read_discount_usecase.go:34.93,38.2 3 1
livecode-wmb-2/usecase/discount/update_discount_usecase.go:16.107,18.2 1 1
livecode-wmb-2/usecase/discount/update_discount_usecase.go:20.97,24.2 3 1
livecode-wmb-2/usecase/discount/create_discount_usecase.go:16.82,18.2 1 1
livecode-wmb-2/usecase/discount/create_discount_usecase.go:20.97,24.2 3 1
livecode-wmb-2/usecase/discount/delete_discount_usecase.go:16.80,18.2 1 1
livecode-wmb-2/usecase/discount/delete_discount_usecase.go:20.97,24.2 3 1
livecode-wmb-2/usecase/trans_type/create_transtype_usecase.go:16.86,18.2 1 1
livecode-wmb-2/usecase/trans_type/create_transtype_usecase.go:20.101,24.2 3 1
livecode-wmb-2/usecase/trans_type/delete_transtype_usecase.go:16.84,18.2 1 1
livecode-wmb-2/usecase/trans_type/delete_transtype_usecase.go:20.101,24.2 3 1
livecode-wmb-2/usecase/trans_type/read_transtype_usecase.go:18.78,20.2 1 1
livecode-wmb-2/usecase/trans_type/read_transtype_usecase.go:22.86,24.30 2 1
livecode-wmb-2/usecase/trans_type/read_transtype_usecase.go:27.2,27.31 1 1
livecode-wmb-2/usecase/trans_type/read_transtype_usecase.go:24.30,26.3 1 1
livecode-wmb-2/usecase/trans_type/read_transtype_usecase.go:30.102,32.2 1 1
livecode-wmb-2/usecase/trans_type/read_transtype_usecase.go:34.97,38.2 3 1
livecode-wmb-2/usecase/trans_type/update_transtype_usecase.go:16.111,18.2 1 1
livecode-wmb-2/usecase/trans_type/update_transtype_usecase.go:20.101,24.2 3 1
livecode-wmb-2/usecase/customer/customer_registration_usecase.go:16.88,18.2 1 1
livecode-wmb-2/usecase/customer/customer_registration_usecase.go:20.109,24.2 3 1
livecode-wmb-2/usecase/customer/member_activation_usecase.go:20.111,23.27 3 1
livecode-wmb-2/usecase/customer/member_activation_usecase.go:26.2,27.31 2 1
livecode-wmb-2/usecase/customer/member_activation_usecase.go:30.2,31.16 2 1
livecode-wmb-2/usecase/customer/member_activation_usecase.go:35.2,39.16 4 1
livecode-wmb-2/usecase/customer/member_activation_usecase.go:42.2,43.16 2 1
livecode-wmb-2/usecase/customer/member_activation_usecase.go:46.2,47.28 2 1
livecode-wmb-2/usecase/customer/member_activation_usecase.go:23.27,25.3 1 1
livecode-wmb-2/usecase/customer/member_activation_usecase.go:27.31,29.3 1 1
livecode-wmb-2/usecase/customer/member_activation_usecase.go:31.16,34.3 2 0
livecode-wmb-2/usecase/customer/member_activation_usecase.go:39.16,41.3 1 0
livecode-wmb-2/usecase/customer/member_activation_usecase.go:43.16,45.3 1 0
livecode-wmb-2/usecase/customer/member_activation_usecase.go:50.141,55.2 4 1
